{"numFailedTestSuites":7,"numFailedTests":21,"numPassedTestSuites":22,"numPassedTests":186,"numPendingTestSuites":0,"numPendingTests":0,"numRuntimeErrorTestSuites":0,"numTotalTestSuites":29,"numTotalTests":207,"snapshot":{"added":0,"didUpdate":false,"failure":false,"filesAdded":0,"filesRemoved":0,"filesUnmatched":0,"filesUpdated":0,"matched":22,"total":22,"unchecked":0,"unmatched":0,"updated":0},"startTime":1534357147570,"success":false,"testResults":[{"assertionResults":[{"failureMessages":[],"status":"passed","title":"should allow all the reactProps"},{"failureMessages":["Error: \u001b[2mexpect(\u001b[22m\u001b[31mreceived\u001b[39m\u001b[2m).toEqual(\u001b[22m\u001b[32mexpected\u001b[39m\u001b[2m)\u001b[22m\n\nExpected value to equal:\n  \u001b[32mtrue\u001b[39m\nReceived:\n  \u001b[31mfalse\u001b[39m\n    at Object.<anonymous> (/Users/ryan.schwers/src/reddit/r/styled-components/src/utils/test/validAttr.test.js:164:54)\n    at Object.asyncFn (/Users/ryan.schwers/src/reddit/r/styled-components/node_modules/jest-jasmine2/build/jasmine-async.js:68:30)\n    at resolve (/Users/ryan.schwers/src/reddit/r/styled-components/node_modules/jest-jasmine2/build/queueRunner.js:38:12)\n    at Promise (<anonymous>)\n    at mapper (/Users/ryan.schwers/src/reddit/r/styled-components/node_modules/jest-jasmine2/build/queueRunner.js:31:21)\n    at Promise.resolve.then.el (/Users/ryan.schwers/src/reddit/r/styled-components/node_modules/p-map/index.js:42:16)\n    at <anonymous>\n    at process._tickCallback (internal/process/next_tick.js:188:7)"],"status":"failed","title":"should allow all the html props"},{"failureMessages":[],"status":"passed","title":"should handle all the SVG props"},{"failureMessages":[],"status":"passed","title":"should handle aria and data attributes"},{"failureMessages":[],"status":"passed","title":"should handle uppercase aria and data attributes"},{"failureMessages":[],"status":"passed","title":"should allow all the event handlers"},{"failureMessages":[],"status":"passed","title":"should not allow custom props"}],"endTime":1534357151630,"message":"\u001b[1m\u001b[31m  \u001b[1m● \u001b[1mvalidAttr › should allow all the html props\u001b[39m\u001b[22m\n\n    \u001b[2mexpect(\u001b[22m\u001b[31mreceived\u001b[39m\u001b[2m).toEqual(\u001b[22m\u001b[32mexpected\u001b[39m\u001b[2m)\u001b[22m\n    \n    Expected value to equal:\n      \u001b[32mtrue\u001b[39m\n    Received:\n      \u001b[31mfalse\u001b[39m\n\u001b[2m      \n      \u001b[2mat Object.<anonymous> (\u001b[2m\u001b[0m\u001b[36msrc/utils/test/validAttr.test.js\u001b[39m\u001b[0m\u001b[2m:164:54)\u001b[2m\n          at Promise (<anonymous>)\n      \u001b[2mat Promise.resolve.then.el (\u001b[2m\u001b[0m\u001b[36mnode_modules/p-map/index.js\u001b[39m\u001b[0m\u001b[2m:42:16)\u001b[2m\n          at <anonymous>\n      \u001b[2mat process._tickCallback (\u001b[2m\u001b[0m\u001b[36minternal/process/next_tick.js\u001b[39m\u001b[0m\u001b[2m:188:7)\u001b[2m\u001b[22m\n","name":"/Users/ryan.schwers/src/reddit/r/styled-components/src/utils/test/validAttr.test.js","startTime":1534357149709,"status":"failed","summary":""},{"assertionResults":[{"failureMessages":[],"status":"passed","title":"should extract the CSS in a simple case"},{"failureMessages":[],"status":"passed","title":"should extract both global and local CSS"},{"failureMessages":[],"status":"passed","title":"should add a nonce to the stylesheet if webpack nonce is detected in the global scope"},{"failureMessages":[],"status":"passed","title":"should render CSS in the order the components were defined, not rendered"},{"failureMessages":[],"status":"passed","title":"should share global styles but keep renders separate"},{"failureMessages":[],"status":"passed","title":"should allow global styles to be injected during rendering"},{"failureMessages":[],"status":"passed","title":"should dispatch global styles to each ServerStyleSheet"},{"failureMessages":[],"status":"passed","title":"should return a generated React style element"},{"failureMessages":[],"status":"passed","title":"should return a generated React style element with nonce if webpack nonce is preset in the global scope"},{"failureMessages":[],"status":"passed","title":"should interleave styles with rendered HTML when utilitizing streaming"}],"endTime":1534357152116,"message":"","name":"/Users/ryan.schwers/src/reddit/r/styled-components/src/test/ssr.test.js","startTime":1534357149708,"status":"passed","summary":""},{"assertionResults":[{"failureMessages":[],"status":"passed","title":"should not throw an error when called"},{"failureMessages":[],"status":"passed","title":"should throw a meaningful error when called with null"},{"failureMessages":[],"status":"passed","title":"should not inject anything by default"},{"failureMessages":[],"status":"passed","title":"should inject component class when rendered even if no styles are passed"},{"failureMessages":[],"status":"passed","title":"should inject styles"},{"failureMessages":[],"status":"passed","title":"should inject only once for a styled component, no matter how often it's mounted"},{"failureMessages":[],"status":"passed","title":"Should have the correct styled(component) displayName"},{"failureMessages":[],"status":"passed","title":"should pass the ref to the component"},{"failureMessages":[],"status":"passed","title":"should not leak the innerRef prop to the wrapped child"},{"failureMessages":[],"status":"passed","title":"should pass the full className to the wrapped child"},{"failureMessages":["Error: Method “getDOMNode” is only meant to be run on a single node. 0 found instead.\n    at ReactWrapper.single (/Users/ryan.schwers/src/reddit/r/styled-components/node_modules/enzyme/build/ReactWrapper.js:1532:17)\n    at ReactWrapper.getDOMNode (/Users/ryan.schwers/src/reddit/r/styled-components/node_modules/enzyme/build/ReactWrapper.js:247:21)\n    at Object.<anonymous> (/Users/ryan.schwers/src/reddit/r/styled-components/src/test/basic.test.js:164:55)\n    at Object.asyncFn (/Users/ryan.schwers/src/reddit/r/styled-components/node_modules/jest-jasmine2/build/jasmine-async.js:68:30)\n    at resolve (/Users/ryan.schwers/src/reddit/r/styled-components/node_modules/jest-jasmine2/build/queueRunner.js:38:12)\n    at Promise (<anonymous>)\n    at mapper (/Users/ryan.schwers/src/reddit/r/styled-components/node_modules/jest-jasmine2/build/queueRunner.js:31:21)\n    at Promise.resolve.then.el (/Users/ryan.schwers/src/reddit/r/styled-components/node_modules/p-map/index.js:42:16)\n    at <anonymous>\n    at process._tickCallback (internal/process/next_tick.js:188:7)"],"status":"failed","title":"should pass the innerRef to the wrapped styled component"},{"failureMessages":[],"status":"passed","title":"should respect the order of StyledComponent creation for CSS ordering"}],"endTime":1534357152124,"message":"\u001b[1m\u001b[31m  \u001b[1m● \u001b[1mbasic › jsdom tests › should pass the innerRef to the wrapped styled component\u001b[39m\u001b[22m\n\n    Method “getDOMNode” is only meant to be run on a single node. 0 found instead.\n\u001b[2m      \n      \u001b[2mat ReactWrapper.single (\u001b[2m\u001b[0m\u001b[36mnode_modules/enzyme/build/ReactWrapper.js\u001b[39m\u001b[0m\u001b[2m:1532:17)\u001b[2m\n      \u001b[2mat ReactWrapper.getDOMNode (\u001b[2m\u001b[0m\u001b[36mnode_modules/enzyme/build/ReactWrapper.js\u001b[39m\u001b[0m\u001b[2m:247:21)\u001b[2m\n      \u001b[2mat Object.<anonymous> (\u001b[2m\u001b[0m\u001b[36msrc/test/basic.test.js\u001b[39m\u001b[0m\u001b[2m:164:55)\u001b[2m\n          at Promise (<anonymous>)\n      \u001b[2mat Promise.resolve.then.el (\u001b[2m\u001b[0m\u001b[36mnode_modules/p-map/index.js\u001b[39m\u001b[0m\u001b[2m:42:16)\u001b[2m\n          at <anonymous>\n      \u001b[2mat process._tickCallback (\u001b[2m\u001b[0m\u001b[36minternal/process/next_tick.js\u001b[39m\u001b[0m\u001b[2m:188:7)\u001b[2m\u001b[22m\n","name":"/Users/ryan.schwers/src/reddit/r/styled-components/src/test/basic.test.js","startTime":1534357150196,"status":"failed","summary":""},{"assertionResults":[{"failureMessages":[],"status":"passed","title":"should append a style"},{"failureMessages":[],"status":"passed","title":"should append multiple styles"},{"failureMessages":[],"status":"passed","title":"should handle inline style objects"},{"failureMessages":[],"status":"passed","title":"should handle inline style objects with media queries"},{"failureMessages":["Error: \u001b[2mexpect(\u001b[22m\u001b[31mreceived\u001b[39m\u001b[2m).toEqual(\u001b[22m\u001b[32mexpected\u001b[39m\u001b[2m)\u001b[22m\n\nExpected value to equal:\n  \u001b[32m\".sc-a{ } .b{ background-color:blue; } .b:hover{ text-decoration:underline; } \"\u001b[39m\nReceived:\n  \u001b[31m\".sc-a{ } .b{ background-color:blue; } .b:hover{ -webkit-text-decoration:underline; text-decoration:underline; } \"\u001b[39m\n    at expectCSSMatches (/Users/ryan.schwers/src/reddit/r/styled-components/src/test/utils.js:91:22)\n    at Object.<anonymous> (/Users/ryan.schwers/src/reddit/r/styled-components/src/test/styles.test.js:80:33)\n    at Object.asyncFn (/Users/ryan.schwers/src/reddit/r/styled-components/node_modules/jest-jasmine2/build/jasmine-async.js:68:30)\n    at resolve (/Users/ryan.schwers/src/reddit/r/styled-components/node_modules/jest-jasmine2/build/queueRunner.js:38:12)\n    at Promise (<anonymous>)\n    at mapper (/Users/ryan.schwers/src/reddit/r/styled-components/node_modules/jest-jasmine2/build/queueRunner.js:31:21)\n    at Promise.resolve.then.el (/Users/ryan.schwers/src/reddit/r/styled-components/node_modules/p-map/index.js:42:16)\n    at <anonymous>\n    at process._tickCallback (internal/process/next_tick.js:188:7)"],"status":"failed","title":"should handle inline style objects with pseudo selectors"},{"failureMessages":["Error: \u001b[2mexpect(\u001b[22m\u001b[31mreceived\u001b[39m\u001b[2m).toEqual(\u001b[22m\u001b[32mexpected\u001b[39m\u001b[2m)\u001b[22m\n\nExpected value to equal:\n  \u001b[32m\".sc-a{ } .b{ background-color:blue; } .b:hover{ text-decoration:underline; } \"\u001b[39m\nReceived:\n  \u001b[31m\".sc-a{ } .b{ background-color:blue; } .b:hover{ -webkit-text-decoration:underline; text-decoration:underline; } \"\u001b[39m\n    at expectCSSMatches (/Users/ryan.schwers/src/reddit/r/styled-components/src/test/utils.js:91:22)\n    at Object.<anonymous> (/Users/ryan.schwers/src/reddit/r/styled-components/src/test/styles.test.js:94:33)\n    at Object.asyncFn (/Users/ryan.schwers/src/reddit/r/styled-components/node_modules/jest-jasmine2/build/jasmine-async.js:68:30)\n    at resolve (/Users/ryan.schwers/src/reddit/r/styled-components/node_modules/jest-jasmine2/build/queueRunner.js:38:12)\n    at Promise (<anonymous>)\n    at mapper (/Users/ryan.schwers/src/reddit/r/styled-components/node_modules/jest-jasmine2/build/queueRunner.js:31:21)\n    at Promise.resolve.then.el (/Users/ryan.schwers/src/reddit/r/styled-components/node_modules/p-map/index.js:42:16)\n    at <anonymous>\n    at process._tickCallback (internal/process/next_tick.js:188:7)"],"status":"failed","title":"should handle inline style objects with pseudo selectors"},{"failureMessages":[],"status":"passed","title":"should handle inline style objects with nesting"},{"failureMessages":[],"status":"passed","title":"should handle inline style objects with contextual selectors"},{"failureMessages":[],"status":"passed","title":"should inject styles of multiple components"},{"failureMessages":[],"status":"passed","title":"should inject styles of multiple components based on creation, not rendering order"},{"failureMessages":[],"status":"passed","title":"should strip a JS-style (invalid) comment in the styles"},{"failureMessages":[],"status":"passed","title":"should add a webpack nonce to the style tags if one is available in the global scope"},{"failureMessages":[],"status":"passed","title":"should add a webpack nonce to the global style tags if one is available in the global scope"}],"endTime":1534357152138,"message":"\u001b[1m\u001b[31m  \u001b[1m● \u001b[1mwith styles › should handle inline style objects with pseudo selectors\u001b[39m\u001b[22m\n\n    \u001b[2mexpect(\u001b[22m\u001b[31mreceived\u001b[39m\u001b[2m).toEqual(\u001b[22m\u001b[32mexpected\u001b[39m\u001b[2m)\u001b[22m\n    \n    Expected value to equal:\n      \u001b[32m\".sc-a{ } .b{ background-color:blue; } .b:hover{ text-decoration:underline; } \"\u001b[39m\n    Received:\n      \u001b[31m\".sc-a{ } .b{ background-color:blue; } .b:hover{ -webkit-text-decoration:underline; text-decoration:underline; } \"\u001b[39m\n\u001b[2m      \n      \u001b[2mat expectCSSMatches (\u001b[2m\u001b[0m\u001b[36msrc/test/utils.js\u001b[39m\u001b[0m\u001b[2m:91:22)\u001b[2m\n      \u001b[2mat Object.<anonymous> (\u001b[2m\u001b[0m\u001b[36msrc/test/styles.test.js\u001b[39m\u001b[0m\u001b[2m:80:33)\u001b[2m\n          at Promise (<anonymous>)\n      \u001b[2mat Promise.resolve.then.el (\u001b[2m\u001b[0m\u001b[36mnode_modules/p-map/index.js\u001b[39m\u001b[0m\u001b[2m:42:16)\u001b[2m\n          at <anonymous>\n      \u001b[2mat process._tickCallback (\u001b[2m\u001b[0m\u001b[36minternal/process/next_tick.js\u001b[39m\u001b[0m\u001b[2m:188:7)\u001b[2m\u001b[22m\n\n\u001b[1m\u001b[31m  \u001b[1m● \u001b[1mwith styles › should handle inline style objects with pseudo selectors\u001b[39m\u001b[22m\n\n    \u001b[2mexpect(\u001b[22m\u001b[31mreceived\u001b[39m\u001b[2m).toEqual(\u001b[22m\u001b[32mexpected\u001b[39m\u001b[2m)\u001b[22m\n    \n    Expected value to equal:\n      \u001b[32m\".sc-a{ } .b{ background-color:blue; } .b:hover{ text-decoration:underline; } \"\u001b[39m\n    Received:\n      \u001b[31m\".sc-a{ } .b{ background-color:blue; } .b:hover{ -webkit-text-decoration:underline; text-decoration:underline; } \"\u001b[39m\n\u001b[2m      \n      \u001b[2mat expectCSSMatches (\u001b[2m\u001b[0m\u001b[36msrc/test/utils.js\u001b[39m\u001b[0m\u001b[2m:91:22)\u001b[2m\n      \u001b[2mat Object.<anonymous> (\u001b[2m\u001b[0m\u001b[36msrc/test/styles.test.js\u001b[39m\u001b[0m\u001b[2m:94:33)\u001b[2m\n          at Promise (<anonymous>)\n      \u001b[2mat Promise.resolve.then.el (\u001b[2m\u001b[0m\u001b[36mnode_modules/p-map/index.js\u001b[39m\u001b[0m\u001b[2m:42:16)\u001b[2m\n          at <anonymous>\n      \u001b[2mat process._tickCallback (\u001b[2m\u001b[0m\u001b[36minternal/process/next_tick.js\u001b[39m\u001b[0m\u001b[2m:188:7)\u001b[2m\u001b[22m\n","name":"/Users/ryan.schwers/src/reddit/r/styled-components/src/test/styles.test.js","startTime":1534357149710,"status":"failed","summary":""},{"assertionResults":[{"failureMessages":[],"status":"passed","title":"should generate empty classes with no styles"},{"failureMessages":[],"status":"passed","title":"should attach styles to both classes if only parent has styles"},{"failureMessages":[],"status":"passed","title":"should attach styles to child class if only child has styles"},{"failureMessages":[],"status":"passed","title":"should generate a class for the child with the rules of the parent"},{"failureMessages":[],"status":"passed","title":"should generate different classes for both parent and child"},{"failureMessages":[],"status":"passed","title":"should copy nested rules to the child"},{"failureMessages":[],"status":"passed","title":"should keep default props from parent"},{"failureMessages":[],"status":"passed","title":"should keep prop types from parent"},{"failureMessages":[],"status":"passed","title":"should keep custom static member from parent"},{"failureMessages":[],"status":"passed","title":"should keep static member in triple inheritance"},{"failureMessages":[],"status":"passed","title":"should keep styles in >= 3 inheritances"},{"failureMessages":[],"status":"passed","title":"should allow changing component"},{"failureMessages":[],"status":"passed","title":"should allow changing component and extending"},{"failureMessages":["Error: \u001b[2mexpect(\u001b[22m\u001b[31mreceived\u001b[39m\u001b[2m).toEqual(\u001b[22m\u001b[32mexpected\u001b[39m\u001b[2m)\u001b[22m\n\nExpected value to equal:\n  \u001b[32m\"<a href=\\\"/test\\\" class=\\\"sc-c d\\\"></a>\"\u001b[39m\nReceived:\n  \u001b[31m\"<a class=\\\"sc-c d\\\" href=\\\"/test\\\"></a>\"\u001b[39m\n    at Object.<anonymous> (/Users/ryan.schwers/src/reddit/r/styled-components/src/test/extending.test.js:204:85)\n    at Object.asyncFn (/Users/ryan.schwers/src/reddit/r/styled-components/node_modules/jest-jasmine2/build/jasmine-async.js:68:30)\n    at resolve (/Users/ryan.schwers/src/reddit/r/styled-components/node_modules/jest-jasmine2/build/queueRunner.js:38:12)\n    at Promise (<anonymous>)\n    at mapper (/Users/ryan.schwers/src/reddit/r/styled-components/node_modules/jest-jasmine2/build/queueRunner.js:31:21)\n    at Promise.resolve.then.el (/Users/ryan.schwers/src/reddit/r/styled-components/node_modules/p-map/index.js:42:16)\n    at <anonymous>\n    at process._tickCallback (internal/process/next_tick.js:188:7)"],"status":"failed","title":"should allow changing component and adding attributes"}],"endTime":1534357152156,"message":"\u001b[1m\u001b[31m  \u001b[1m● \u001b[1mextending › should allow changing component and adding attributes\u001b[39m\u001b[22m\n\n    \u001b[2mexpect(\u001b[22m\u001b[31mreceived\u001b[39m\u001b[2m).toEqual(\u001b[22m\u001b[32mexpected\u001b[39m\u001b[2m)\u001b[22m\n    \n    Expected value to equal:\n      \u001b[32m\"<a href=\\\"/test\\\" class=\\\"sc-c d\\\"></a>\"\u001b[39m\n    Received:\n      \u001b[31m\"<a class=\\\"sc-c d\\\" href=\\\"/test\\\"></a>\"\u001b[39m\n\u001b[2m      \n      \u001b[2mat Object.<anonymous> (\u001b[2m\u001b[0m\u001b[36msrc/test/extending.test.js\u001b[39m\u001b[0m\u001b[2m:204:85)\u001b[2m\n          at Promise (<anonymous>)\n      \u001b[2mat Promise.resolve.then.el (\u001b[2m\u001b[0m\u001b[36mnode_modules/p-map/index.js\u001b[39m\u001b[0m\u001b[2m:42:16)\u001b[2m\n          at <anonymous>\n      \u001b[2mat process._tickCallback (\u001b[2m\u001b[0m\u001b[36minternal/process/next_tick.js\u001b[39m\u001b[0m\u001b[2m:188:7)\u001b[2m\u001b[22m\n","name":"/Users/ryan.schwers/src/reddit/r/styled-components/src/test/extending.test.js","startTime":1534357149721,"status":"failed","summary":""},{"assertionResults":[{"failureMessages":[],"status":"passed","title":"work fine with an empty object"},{"failureMessages":["Error: \u001b[2mexpect(\u001b[22m\u001b[31mreceived\u001b[39m\u001b[2m).toEqual(\u001b[22m\u001b[32mexpected\u001b[39m\u001b[2m)\u001b[22m\n\nExpected value to equal:\n  \u001b[32m\"<button type=\\\"button\\\" class=\\\"sc-a b\\\"></button>\"\u001b[39m\nReceived:\n  \u001b[31m\"<button class=\\\"sc-a b\\\" type=\\\"button\\\"></button>\"\u001b[39m\n    at Object.<anonymous> (/Users/ryan.schwers/src/reddit/r/styled-components/src/test/attrs.test.js:23:84)\n    at Object.asyncFn (/Users/ryan.schwers/src/reddit/r/styled-components/node_modules/jest-jasmine2/build/jasmine-async.js:68:30)\n    at resolve (/Users/ryan.schwers/src/reddit/r/styled-components/node_modules/jest-jasmine2/build/queueRunner.js:38:12)\n    at Promise (<anonymous>)\n    at mapper (/Users/ryan.schwers/src/reddit/r/styled-components/node_modules/jest-jasmine2/build/queueRunner.js:31:21)\n    at Promise.resolve.then.el (/Users/ryan.schwers/src/reddit/r/styled-components/node_modules/p-map/index.js:42:16)\n    at <anonymous>\n    at process._tickCallback (internal/process/next_tick.js:188:7)"],"status":"failed","title":"pass a simple attr"},{"failureMessages":["Error: \u001b[2mexpect(\u001b[22m\u001b[31mreceived\u001b[39m\u001b[2m).toEqual(\u001b[22m\u001b[32mexpected\u001b[39m\u001b[2m)\u001b[22m\n\nExpected value to equal:\n  \u001b[32m\"<button type=\\\"button\\\" class=\\\"sc-a b\\\"></button>\"\u001b[39m\nReceived:\n  \u001b[31m\"<button class=\\\"sc-a b\\\"></button>\"\u001b[39m\n    at Object.<anonymous> (/Users/ryan.schwers/src/reddit/r/styled-components/src/test/attrs.test.js:30:84)\n    at Object.asyncFn (/Users/ryan.schwers/src/reddit/r/styled-components/node_modules/jest-jasmine2/build/jasmine-async.js:68:30)\n    at resolve (/Users/ryan.schwers/src/reddit/r/styled-components/node_modules/jest-jasmine2/build/queueRunner.js:38:12)\n    at Promise (<anonymous>)\n    at mapper (/Users/ryan.schwers/src/reddit/r/styled-components/node_modules/jest-jasmine2/build/queueRunner.js:31:21)\n    at Promise.resolve.then.el (/Users/ryan.schwers/src/reddit/r/styled-components/node_modules/p-map/index.js:42:16)\n    at <anonymous>\n    at process._tickCallback (internal/process/next_tick.js:188:7)"],"status":"failed","title":"call an attr function"},{"failureMessages":["Error: \u001b[2mexpect(\u001b[22m\u001b[31mreceived\u001b[39m\u001b[2m).toEqual(\u001b[22m\u001b[32mexpected\u001b[39m\u001b[2m)\u001b[22m\n\nExpected value to equal:\n  \u001b[32m\"<button type=\\\"button\\\" class=\\\"sc-a b\\\"></button>\"\u001b[39m\nReceived:\n  \u001b[31m\"<button class=\\\"sc-a b\\\"></button>\"\u001b[39m\n    at Object.<anonymous> (/Users/ryan.schwers/src/reddit/r/styled-components/src/test/attrs.test.js:37:84)\n    at Object.asyncFn (/Users/ryan.schwers/src/reddit/r/styled-components/node_modules/jest-jasmine2/build/jasmine-async.js:68:30)\n    at resolve (/Users/ryan.schwers/src/reddit/r/styled-components/node_modules/jest-jasmine2/build/queueRunner.js:38:12)\n    at Promise (<anonymous>)\n    at mapper (/Users/ryan.schwers/src/reddit/r/styled-components/node_modules/jest-jasmine2/build/queueRunner.js:31:21)\n    at Promise.resolve.then.el (/Users/ryan.schwers/src/reddit/r/styled-components/node_modules/p-map/index.js:42:16)\n    at <anonymous>\n    at process._tickCallback (internal/process/next_tick.js:188:7)"],"status":"failed","title":"pass props to the attr function"},{"failureMessages":["Error: \u001b[2mexpect(\u001b[22m\u001b[31mreceived\u001b[39m\u001b[2m).toEqual(\u001b[22m\u001b[32mexpected\u001b[39m\u001b[2m)\u001b[22m\n\nExpected value to equal:\n  \u001b[32m\"<button type=\\\"button\\\" tabindex=\\\"0\\\" class=\\\"sc-a b\\\"></button>\"\u001b[39m\nReceived:\n  \u001b[31m\"<button class=\\\"sc-a b\\\" tabindex=\\\"0\\\"></button>\"\u001b[39m\n    at Object.<anonymous> (/Users/ryan.schwers/src/reddit/r/styled-components/src/test/attrs.test.js:46:84)\n    at Object.asyncFn (/Users/ryan.schwers/src/reddit/r/styled-components/node_modules/jest-jasmine2/build/jasmine-async.js:68:30)\n    at resolve (/Users/ryan.schwers/src/reddit/r/styled-components/node_modules/jest-jasmine2/build/queueRunner.js:38:12)\n    at Promise (<anonymous>)\n    at mapper (/Users/ryan.schwers/src/reddit/r/styled-components/node_modules/jest-jasmine2/build/queueRunner.js:31:21)\n    at Promise.resolve.then.el (/Users/ryan.schwers/src/reddit/r/styled-components/node_modules/p-map/index.js:42:16)\n    at <anonymous>\n    at process._tickCallback (internal/process/next_tick.js:188:7)"],"status":"failed","title":"should replace attrs with props"},{"failureMessages":["Error: \u001b[2mexpect(\u001b[22m\u001b[31mreceived\u001b[39m\u001b[2m).toEqual(\u001b[22m\u001b[32mexpected\u001b[39m\u001b[2m)\u001b[22m\n\nExpected value to equal:\n  \u001b[32m\"<div class=\\\"sc-a meow nya b\\\"></div>\"\u001b[39m\nReceived:\n  \u001b[31m\"<div class=\\\"meow nya\\\"></div>\"\u001b[39m\n    at Object.<anonymous> (/Users/ryan.schwers/src/reddit/r/styled-components/src/test/attrs.test.js:61:84)\n    at Object.asyncFn (/Users/ryan.schwers/src/reddit/r/styled-components/node_modules/jest-jasmine2/build/jasmine-async.js:68:30)\n    at resolve (/Users/ryan.schwers/src/reddit/r/styled-components/node_modules/jest-jasmine2/build/queueRunner.js:38:12)\n    at Promise (<anonymous>)\n    at mapper (/Users/ryan.schwers/src/reddit/r/styled-components/node_modules/jest-jasmine2/build/queueRunner.js:31:21)\n    at Promise.resolve.then.el (/Users/ryan.schwers/src/reddit/r/styled-components/node_modules/p-map/index.js:42:16)\n    at <anonymous>\n    at process._tickCallback (internal/process/next_tick.js:188:7)"],"status":"failed","title":"should merge className"},{"failureMessages":["Error: \u001b[2mexpect(\u001b[22m\u001b[31mreceived\u001b[39m\u001b[2m).toEqual(\u001b[22m\u001b[32mexpected\u001b[39m\u001b[2m)\u001b[22m\n\nExpected value to equal:\n  \u001b[32m\"<div class=\\\"sc-a meow nya b\\\"></div>\"\u001b[39m\nReceived:\n  \u001b[31m\"<div class=\\\"function className(props) {return &#x27;meow &#x27; + (props.purr ? &#x27;purr&#x27; : &#x27;nya&#x27;);}\\\"></div>\"\u001b[39m\n    at Object.<anonymous> (/Users/ryan.schwers/src/reddit/r/styled-components/src/test/attrs.test.js:70:84)\n    at Object.asyncFn (/Users/ryan.schwers/src/reddit/r/styled-components/node_modules/jest-jasmine2/build/jasmine-async.js:68:30)\n    at resolve (/Users/ryan.schwers/src/reddit/r/styled-components/node_modules/jest-jasmine2/build/queueRunner.js:38:12)\n    at Promise (<anonymous>)\n    at mapper (/Users/ryan.schwers/src/reddit/r/styled-components/node_modules/jest-jasmine2/build/queueRunner.js:31:21)\n    at Promise.resolve.then.el (/Users/ryan.schwers/src/reddit/r/styled-components/node_modules/p-map/index.js:42:16)\n    at <anonymous>\n    at process._tickCallback (internal/process/next_tick.js:188:7)"],"status":"failed","title":"should merge className even if its a function"},{"failureMessages":["Error: \u001b[2mexpect(\u001b[22m\u001b[31mreceived\u001b[39m\u001b[2m).toEqual(\u001b[22m\u001b[32mexpected\u001b[39m\u001b[2m)\u001b[22m\n\nExpected value to equal:\n  \u001b[32m\"<div data-foo=\\\"bar\\\" aria-label=\\\"A simple FooBar\\\" class=\\\"sc-a b\\\"></div>\"\u001b[39m\nReceived:\n  \u001b[31m\"<div class=\\\"sc-a b\\\" data-foo=\\\"bar\\\" aria-label=\\\"A simple FooBar\\\"></div>\"\u001b[39m\n    at Object.<anonymous> (/Users/ryan.schwers/src/reddit/r/styled-components/src/test/attrs.test.js:83:84)\n    at Object.asyncFn (/Users/ryan.schwers/src/reddit/r/styled-components/node_modules/jest-jasmine2/build/jasmine-async.js:68:30)\n    at resolve (/Users/ryan.schwers/src/reddit/r/styled-components/node_modules/jest-jasmine2/build/queueRunner.js:38:12)\n    at Promise (<anonymous>)\n    at mapper (/Users/ryan.schwers/src/reddit/r/styled-components/node_modules/jest-jasmine2/build/queueRunner.js:31:21)\n    at Promise.resolve.then.el (/Users/ryan.schwers/src/reddit/r/styled-components/node_modules/p-map/index.js:42:16)\n    at <anonymous>\n    at process._tickCallback (internal/process/next_tick.js:188:7)"],"status":"failed","title":"should work with data and aria attributes"},{"failureMessages":["Error: \u001b[2mexpect(\u001b[22m\u001b[31mreceived\u001b[39m\u001b[2m).toEqual(\u001b[22m\u001b[32mexpected\u001b[39m\u001b[2m)\u001b[22m\n\nExpected value to equal:\n  \u001b[32m\"<button type=\\\"submit\\\" tabindex=\\\"0\\\" class=\\\"sc-a b\\\"></button>\"\u001b[39m\nReceived:\n  \u001b[31m\"<button class=\\\"sc-a b\\\" type=\\\"submit\\\" tabindex=\\\"0\\\"></button>\"\u001b[39m\n    at Object.<anonymous> (/Users/ryan.schwers/src/reddit/r/styled-components/src/test/attrs.test.js:93:84)\n    at Object.asyncFn (/Users/ryan.schwers/src/reddit/r/styled-components/node_modules/jest-jasmine2/build/jasmine-async.js:68:30)\n    at resolve (/Users/ryan.schwers/src/reddit/r/styled-components/node_modules/jest-jasmine2/build/queueRunner.js:38:12)\n    at Promise (<anonymous>)\n    at mapper (/Users/ryan.schwers/src/reddit/r/styled-components/node_modules/jest-jasmine2/build/queueRunner.js:31:21)\n    at Promise.resolve.then.el (/Users/ryan.schwers/src/reddit/r/styled-components/node_modules/p-map/index.js:42:16)\n    at <anonymous>\n    at process._tickCallback (internal/process/next_tick.js:188:7)"],"status":"failed","title":"merge attrs"},{"failureMessages":["Error: \u001b[2mexpect(\u001b[22m\u001b[31mreceived\u001b[39m\u001b[2m).toEqual(\u001b[22m\u001b[32mexpected\u001b[39m\u001b[2m)\u001b[22m\n\nExpected value to equal:\n  \u001b[32m\"<button type=\\\"submit\\\" tabindex=\\\"0\\\" class=\\\"sc-b c\\\"></button>\"\u001b[39m\nReceived:\n  \u001b[31m\"<button class=\\\"sc-b c\\\" type=\\\"submit\\\" tabindex=\\\"0\\\"></button>\"\u001b[39m\n    at Object.<anonymous> (/Users/ryan.schwers/src/reddit/r/styled-components/src/test/attrs.test.js:104:85)\n    at Object.asyncFn (/Users/ryan.schwers/src/reddit/r/styled-components/node_modules/jest-jasmine2/build/jasmine-async.js:68:30)\n    at resolve (/Users/ryan.schwers/src/reddit/r/styled-components/node_modules/jest-jasmine2/build/queueRunner.js:38:12)\n    at Promise (<anonymous>)\n    at mapper (/Users/ryan.schwers/src/reddit/r/styled-components/node_modules/jest-jasmine2/build/queueRunner.js:31:21)\n    at Promise.resolve.then.el (/Users/ryan.schwers/src/reddit/r/styled-components/node_modules/p-map/index.js:42:16)\n    at <anonymous>\n    at process._tickCallback (internal/process/next_tick.js:188:7)"],"status":"failed","title":"merge attrs when inheriting SC"},{"failureMessages":["Error: \u001b[2mexpect(\u001b[22m\u001b[31mreceived\u001b[39m\u001b[2m).toEqual(\u001b[22m\u001b[32mexpected\u001b[39m\u001b[2m)\u001b[22m\n\nExpected value to equal:\n  \u001b[32m\"<a href=\\\"#\\\" data-active-class-name=\\\"--is-active\\\" class=\\\"sc-a b\\\"></a>\"\u001b[39m\nReceived:\n  \u001b[31m\"<a class=\\\"sc-a b\\\" href=\\\"#\\\" data-active-class-name=\\\"--is-active\\\"></a>\"\u001b[39m\n    at Object.<anonymous> (/Users/ryan.schwers/src/reddit/r/styled-components/src/test/attrs.test.js:118:84)\n    at Object.asyncFn (/Users/ryan.schwers/src/reddit/r/styled-components/node_modules/jest-jasmine2/build/jasmine-async.js:68:30)\n    at resolve (/Users/ryan.schwers/src/reddit/r/styled-components/node_modules/jest-jasmine2/build/queueRunner.js:38:12)\n    at Promise (<anonymous>)\n    at mapper (/Users/ryan.schwers/src/reddit/r/styled-components/node_modules/jest-jasmine2/build/queueRunner.js:31:21)\n    at Promise.resolve.then.el (/Users/ryan.schwers/src/reddit/r/styled-components/node_modules/p-map/index.js:42:16)\n    at <anonymous>\n    at process._tickCallback (internal/process/next_tick.js:188:7)"],"status":"failed","title":"pass attrs to style block"},{"failureMessages":[],"status":"passed","title":"should pass through children as a normal prop"},{"failureMessages":[],"status":"passed","title":"should pass through complex children as well"},{"failureMessages":[],"status":"passed","title":"should override children of course"}],"endTime":1534357152184,"message":"\u001b[1m\u001b[31m  \u001b[1m● \u001b[1mattrs › pass a simple attr\u001b[39m\u001b[22m\n\n    \u001b[2mexpect(\u001b[22m\u001b[31mreceived\u001b[39m\u001b[2m).toEqual(\u001b[22m\u001b[32mexpected\u001b[39m\u001b[2m)\u001b[22m\n    \n    Expected value to equal:\n      \u001b[32m\"<button type=\\\"button\\\" class=\\\"sc-a b\\\"></button>\"\u001b[39m\n    Received:\n      \u001b[31m\"<button class=\\\"sc-a b\\\" type=\\\"button\\\"></button>\"\u001b[39m\n\u001b[2m      \n      \u001b[2mat Object.<anonymous> (\u001b[2m\u001b[0m\u001b[36msrc/test/attrs.test.js\u001b[39m\u001b[0m\u001b[2m:23:84)\u001b[2m\n          at Promise (<anonymous>)\n      \u001b[2mat Promise.resolve.then.el (\u001b[2m\u001b[0m\u001b[36mnode_modules/p-map/index.js\u001b[39m\u001b[0m\u001b[2m:42:16)\u001b[2m\n          at <anonymous>\n      \u001b[2mat process._tickCallback (\u001b[2m\u001b[0m\u001b[36minternal/process/next_tick.js\u001b[39m\u001b[0m\u001b[2m:188:7)\u001b[2m\u001b[22m\n\n\u001b[1m\u001b[31m  \u001b[1m● \u001b[1mattrs › call an attr function\u001b[39m\u001b[22m\n\n    \u001b[2mexpect(\u001b[22m\u001b[31mreceived\u001b[39m\u001b[2m).toEqual(\u001b[22m\u001b[32mexpected\u001b[39m\u001b[2m)\u001b[22m\n    \n    Expected value to equal:\n      \u001b[32m\"<button type=\\\"button\\\" class=\\\"sc-a b\\\"></button>\"\u001b[39m\n    Received:\n      \u001b[31m\"<button class=\\\"sc-a b\\\"></button>\"\u001b[39m\n\u001b[2m      \n      \u001b[2mat Object.<anonymous> (\u001b[2m\u001b[0m\u001b[36msrc/test/attrs.test.js\u001b[39m\u001b[0m\u001b[2m:30:84)\u001b[2m\n          at Promise (<anonymous>)\n      \u001b[2mat Promise.resolve.then.el (\u001b[2m\u001b[0m\u001b[36mnode_modules/p-map/index.js\u001b[39m\u001b[0m\u001b[2m:42:16)\u001b[2m\n          at <anonymous>\n      \u001b[2mat process._tickCallback (\u001b[2m\u001b[0m\u001b[36minternal/process/next_tick.js\u001b[39m\u001b[0m\u001b[2m:188:7)\u001b[2m\u001b[22m\n\n\u001b[1m\u001b[31m  \u001b[1m● \u001b[1mattrs › pass props to the attr function\u001b[39m\u001b[22m\n\n    \u001b[2mexpect(\u001b[22m\u001b[31mreceived\u001b[39m\u001b[2m).toEqual(\u001b[22m\u001b[32mexpected\u001b[39m\u001b[2m)\u001b[22m\n    \n    Expected value to equal:\n      \u001b[32m\"<button type=\\\"button\\\" class=\\\"sc-a b\\\"></button>\"\u001b[39m\n    Received:\n      \u001b[31m\"<button class=\\\"sc-a b\\\"></button>\"\u001b[39m\n\u001b[2m      \n      \u001b[2mat Object.<anonymous> (\u001b[2m\u001b[0m\u001b[36msrc/test/attrs.test.js\u001b[39m\u001b[0m\u001b[2m:37:84)\u001b[2m\n          at Promise (<anonymous>)\n      \u001b[2mat Promise.resolve.then.el (\u001b[2m\u001b[0m\u001b[36mnode_modules/p-map/index.js\u001b[39m\u001b[0m\u001b[2m:42:16)\u001b[2m\n          at <anonymous>\n      \u001b[2mat process._tickCallback (\u001b[2m\u001b[0m\u001b[36minternal/process/next_tick.js\u001b[39m\u001b[0m\u001b[2m:188:7)\u001b[2m\u001b[22m\n\n\u001b[1m\u001b[31m  \u001b[1m● \u001b[1mattrs › should replace attrs with props\u001b[39m\u001b[22m\n\n    \u001b[2mexpect(\u001b[22m\u001b[31mreceived\u001b[39m\u001b[2m).toEqual(\u001b[22m\u001b[32mexpected\u001b[39m\u001b[2m)\u001b[22m\n    \n    Expected value to equal:\n      \u001b[32m\"<button type=\\\"button\\\" tabindex=\\\"0\\\" class=\\\"sc-a b\\\"></button>\"\u001b[39m\n    Received:\n      \u001b[31m\"<button class=\\\"sc-a b\\\" tabindex=\\\"0\\\"></button>\"\u001b[39m\n\u001b[2m      \n      \u001b[2mat Object.<anonymous> (\u001b[2m\u001b[0m\u001b[36msrc/test/attrs.test.js\u001b[39m\u001b[0m\u001b[2m:46:84)\u001b[2m\n          at Promise (<anonymous>)\n      \u001b[2mat Promise.resolve.then.el (\u001b[2m\u001b[0m\u001b[36mnode_modules/p-map/index.js\u001b[39m\u001b[0m\u001b[2m:42:16)\u001b[2m\n          at <anonymous>\n      \u001b[2mat process._tickCallback (\u001b[2m\u001b[0m\u001b[36minternal/process/next_tick.js\u001b[39m\u001b[0m\u001b[2m:188:7)\u001b[2m\u001b[22m\n\n\u001b[1m\u001b[31m  \u001b[1m● \u001b[1mattrs › should merge className\u001b[39m\u001b[22m\n\n    \u001b[2mexpect(\u001b[22m\u001b[31mreceived\u001b[39m\u001b[2m).toEqual(\u001b[22m\u001b[32mexpected\u001b[39m\u001b[2m)\u001b[22m\n    \n    Expected value to equal:\n      \u001b[32m\"<div class=\\\"sc-a meow nya b\\\"></div>\"\u001b[39m\n    Received:\n      \u001b[31m\"<div class=\\\"meow nya\\\"></div>\"\u001b[39m\n\u001b[2m      \n      \u001b[2mat Object.<anonymous> (\u001b[2m\u001b[0m\u001b[36msrc/test/attrs.test.js\u001b[39m\u001b[0m\u001b[2m:61:84)\u001b[2m\n          at Promise (<anonymous>)\n      \u001b[2mat Promise.resolve.then.el (\u001b[2m\u001b[0m\u001b[36mnode_modules/p-map/index.js\u001b[39m\u001b[0m\u001b[2m:42:16)\u001b[2m\n          at <anonymous>\n      \u001b[2mat process._tickCallback (\u001b[2m\u001b[0m\u001b[36minternal/process/next_tick.js\u001b[39m\u001b[0m\u001b[2m:188:7)\u001b[2m\u001b[22m\n\n\u001b[1m\u001b[31m  \u001b[1m● \u001b[1mattrs › should merge className even if its a function\u001b[39m\u001b[22m\n\n    \u001b[2mexpect(\u001b[22m\u001b[31mreceived\u001b[39m\u001b[2m).toEqual(\u001b[22m\u001b[32mexpected\u001b[39m\u001b[2m)\u001b[22m\n    \n    Expected value to equal:\n      \u001b[32m\"<div class=\\\"sc-a meow nya b\\\"></div>\"\u001b[39m\n    Received:\n      \u001b[31m\"<div class=\\\"function className(props) {return &#x27;meow &#x27; + (props.purr ? &#x27;purr&#x27; : &#x27;nya&#x27;);}\\\"></div>\"\u001b[39m\n\u001b[2m      \n      \u001b[2mat Object.<anonymous> (\u001b[2m\u001b[0m\u001b[36msrc/test/attrs.test.js\u001b[39m\u001b[0m\u001b[2m:70:84)\u001b[2m\n          at Promise (<anonymous>)\n      \u001b[2mat Promise.resolve.then.el (\u001b[2m\u001b[0m\u001b[36mnode_modules/p-map/index.js\u001b[39m\u001b[0m\u001b[2m:42:16)\u001b[2m\n          at <anonymous>\n      \u001b[2mat process._tickCallback (\u001b[2m\u001b[0m\u001b[36minternal/process/next_tick.js\u001b[39m\u001b[0m\u001b[2m:188:7)\u001b[2m\u001b[22m\n\n\u001b[1m\u001b[31m  \u001b[1m● \u001b[1mattrs › should work with data and aria attributes\u001b[39m\u001b[22m\n\n    \u001b[2mexpect(\u001b[22m\u001b[31mreceived\u001b[39m\u001b[2m).toEqual(\u001b[22m\u001b[32mexpected\u001b[39m\u001b[2m)\u001b[22m\n    \n    Expected value to equal:\n      \u001b[32m\"<div data-foo=\\\"bar\\\" aria-label=\\\"A simple FooBar\\\" class=\\\"sc-a b\\\"></div>\"\u001b[39m\n    Received:\n      \u001b[31m\"<div class=\\\"sc-a b\\\" data-foo=\\\"bar\\\" aria-label=\\\"A simple FooBar\\\"></div>\"\u001b[39m\n\u001b[2m      \n      \u001b[2mat Object.<anonymous> (\u001b[2m\u001b[0m\u001b[36msrc/test/attrs.test.js\u001b[39m\u001b[0m\u001b[2m:83:84)\u001b[2m\n          at Promise (<anonymous>)\n      \u001b[2mat Promise.resolve.then.el (\u001b[2m\u001b[0m\u001b[36mnode_modules/p-map/index.js\u001b[39m\u001b[0m\u001b[2m:42:16)\u001b[2m\n          at <anonymous>\n      \u001b[2mat process._tickCallback (\u001b[2m\u001b[0m\u001b[36minternal/process/next_tick.js\u001b[39m\u001b[0m\u001b[2m:188:7)\u001b[2m\u001b[22m\n\n\u001b[1m\u001b[31m  \u001b[1m● \u001b[1mattrs › merge attrs\u001b[39m\u001b[22m\n\n    \u001b[2mexpect(\u001b[22m\u001b[31mreceived\u001b[39m\u001b[2m).toEqual(\u001b[22m\u001b[32mexpected\u001b[39m\u001b[2m)\u001b[22m\n    \n    Expected value to equal:\n      \u001b[32m\"<button type=\\\"submit\\\" tabindex=\\\"0\\\" class=\\\"sc-a b\\\"></button>\"\u001b[39m\n    Received:\n      \u001b[31m\"<button class=\\\"sc-a b\\\" type=\\\"submit\\\" tabindex=\\\"0\\\"></button>\"\u001b[39m\n\u001b[2m      \n      \u001b[2mat Object.<anonymous> (\u001b[2m\u001b[0m\u001b[36msrc/test/attrs.test.js\u001b[39m\u001b[0m\u001b[2m:93:84)\u001b[2m\n          at Promise (<anonymous>)\n      \u001b[2mat Promise.resolve.then.el (\u001b[2m\u001b[0m\u001b[36mnode_modules/p-map/index.js\u001b[39m\u001b[0m\u001b[2m:42:16)\u001b[2m\n          at <anonymous>\n      \u001b[2mat process._tickCallback (\u001b[2m\u001b[0m\u001b[36minternal/process/next_tick.js\u001b[39m\u001b[0m\u001b[2m:188:7)\u001b[2m\u001b[22m\n\n\u001b[1m\u001b[31m  \u001b[1m● \u001b[1mattrs › merge attrs when inheriting SC\u001b[39m\u001b[22m\n\n    \u001b[2mexpect(\u001b[22m\u001b[31mreceived\u001b[39m\u001b[2m).toEqual(\u001b[22m\u001b[32mexpected\u001b[39m\u001b[2m)\u001b[22m\n    \n    Expected value to equal:\n      \u001b[32m\"<button type=\\\"submit\\\" tabindex=\\\"0\\\" class=\\\"sc-b c\\\"></button>\"\u001b[39m\n    Received:\n      \u001b[31m\"<button class=\\\"sc-b c\\\" type=\\\"submit\\\" tabindex=\\\"0\\\"></button>\"\u001b[39m\n\u001b[2m      \n      \u001b[2mat Object.<anonymous> (\u001b[2m\u001b[0m\u001b[36msrc/test/attrs.test.js\u001b[39m\u001b[0m\u001b[2m:104:85)\u001b[2m\n          at Promise (<anonymous>)\n      \u001b[2mat Promise.resolve.then.el (\u001b[2m\u001b[0m\u001b[36mnode_modules/p-map/index.js\u001b[39m\u001b[0m\u001b[2m:42:16)\u001b[2m\n          at <anonymous>\n      \u001b[2mat process._tickCallback (\u001b[2m\u001b[0m\u001b[36minternal/process/next_tick.js\u001b[39m\u001b[0m\u001b[2m:188:7)\u001b[2m\u001b[22m\n\n\u001b[1m\u001b[31m  \u001b[1m● \u001b[1mattrs › pass attrs to style block\u001b[39m\u001b[22m\n\n    \u001b[2mexpect(\u001b[22m\u001b[31mreceived\u001b[39m\u001b[2m).toEqual(\u001b[22m\u001b[32mexpected\u001b[39m\u001b[2m)\u001b[22m\n    \n    Expected value to equal:\n      \u001b[32m\"<a href=\\\"#\\\" data-active-class-name=\\\"--is-active\\\" class=\\\"sc-a b\\\"></a>\"\u001b[39m\n    Received:\n      \u001b[31m\"<a class=\\\"sc-a b\\\" href=\\\"#\\\" data-active-class-name=\\\"--is-active\\\"></a>\"\u001b[39m\n\u001b[2m      \n      \u001b[2mat Object.<anonymous> (\u001b[2m\u001b[0m\u001b[36msrc/test/attrs.test.js\u001b[39m\u001b[0m\u001b[2m:118:84)\u001b[2m\n          at Promise (<anonymous>)\n      \u001b[2mat Promise.resolve.then.el (\u001b[2m\u001b[0m\u001b[36mnode_modules/p-map/index.js\u001b[39m\u001b[0m\u001b[2m:42:16)\u001b[2m\n          at <anonymous>\n      \u001b[2mat process._tickCallback (\u001b[2m\u001b[0m\u001b[36minternal/process/next_tick.js\u001b[39m\u001b[0m\u001b[2m:188:7)\u001b[2m\u001b[22m\n","name":"/Users/ryan.schwers/src/reddit/r/styled-components/src/test/attrs.test.js","startTime":1534357151839,"status":"failed","summary":""},{"assertionResults":[{"failureMessages":[],"status":"passed","title":"should preserve the styles"},{"failureMessages":[],"status":"passed","title":"should append a new component like normal"},{"failureMessages":[],"status":"passed","title":"should reuse a componentId"},{"failureMessages":[],"status":"passed","title":"should reuse a componentId and generated class"},{"failureMessages":[],"status":"passed","title":"should reuse a componentId and inject new classes"},{"failureMessages":[],"status":"passed","title":"should preserve the styles"},{"failureMessages":[],"status":"passed","title":"should not inject new styles for a component already rendered"},{"failureMessages":[],"status":"passed","title":"should inject new styles for a new computed style of a component"},{"failureMessages":[],"status":"passed","title":"should leave the existing styles there"},{"failureMessages":[],"status":"passed","title":"should generate new classes, even if they have the same name"},{"failureMessages":[],"status":"passed","title":"should leave the existing styles there"},{"failureMessages":[],"status":"passed","title":"should inject new global styles at the end"},{"failureMessages":[],"status":"passed","title":"should interleave global and local styles"},{"failureMessages":[],"status":"passed","title":"should not touch existing styles"},{"failureMessages":[],"status":"passed","title":"should replace stylesheets on-demand"},{"failureMessages":[],"status":"passed","title":"should not change styles if rendered in the same order they were created with"},{"failureMessages":[],"status":"passed","title":"should still not change styles if rendered in a different order"},{"failureMessages":[],"status":"passed","title":"should not touch existing styles"},{"failureMessages":[],"status":"passed","title":"should not regenerate keyframes"},{"failureMessages":[],"status":"passed","title":"should still inject new keyframes"},{"failureMessages":[],"status":"passed","title":"should pass the keyframes name along as well"}],"endTime":1534357152185,"message":"","name":"/Users/ryan.schwers/src/reddit/r/styled-components/src/test/rehydration.test.js","startTime":1534357149712,"status":"passed","summary":""},{"assertionResults":[{"failureMessages":[],"status":"passed","title":"should inject props.theme into a styled component"},{"failureMessages":[],"status":"passed","title":"should inject props.theme into a styled component multiple levels deep"},{"failureMessages":[],"status":"passed","title":"should properly allow a component to fallback to its default props when a theme is not provided"},{"failureMessages":[],"status":"passed","title":"should use ThemeProvider theme instead of defaultProps theme"},{"failureMessages":[],"status":"passed","title":"should properly allow a component to override the theme with a prop even if it is equal to defaultProps theme"},{"failureMessages":[],"status":"passed","title":"should properly allow a component to override the theme with a prop"},{"failureMessages":[],"status":"passed","title":"should properly set the theme with an empty object when no theme is provided and no defaults are set"},{"failureMessages":[],"status":"passed","title":"should only inject props.theme into styled components within its child component tree"},{"failureMessages":[],"status":"passed","title":"should inject props.theme into all styled components within the child component tree"},{"failureMessages":[],"status":"passed","title":"should inject new CSS when the theme changes"},{"failureMessages":[],"status":"passed","title":"should properly render with the same theme from default props on re-render"},{"failureMessages":[],"status":"passed","title":"should properly update style if theme is changed"},{"failureMessages":[],"status":"passed","title":"should properly update style if props used in styles is changed"},{"failureMessages":[],"status":"passed","title":"should change the classnames when the theme changes"},{"failureMessages":[],"status":"passed","title":"should inject props.theme into a component that uses withTheme hoc"},{"failureMessages":[],"status":"passed","title":"should properly update theme prop on hoc component when theme is changed"},{"failureMessages":[],"status":"passed","title":"should use ThemeProvider theme instead of defaultProps theme after initial render"},{"failureMessages":[],"status":"passed","title":"should hoist static properties when using withTheme"},{"failureMessages":[],"status":"passed","title":"should only pass the theme prop"},{"failureMessages":[],"status":"passed","title":"should accept innerRef and pass it on as ref"},{"failureMessages":[],"status":"passed","title":"should accept innerRef and pass it on for stateless function components"},{"failureMessages":[],"status":"passed","title":"should accept innerRef and pass it on for styled components"},{"failureMessages":[],"status":"passed","title":"should not break without a ThemeProvier if it has a defaultTheme"}],"endTime":1534357152331,"message":"","name":"/Users/ryan.schwers/src/reddit/r/styled-components/src/test/theme.test.js","startTime":1534357149732,"status":"passed","summary":""},{"assertionResults":[{"failureMessages":[],"status":"passed","title":"should work for null or empty"},{"failureMessages":[],"status":"passed","title":"should ignore anything before the first SC"},{"failureMessages":[],"status":"passed","title":"should return a single SC"},{"failureMessages":[],"status":"passed","title":"should return a single SC with multiple lines"},{"failureMessages":[],"status":"passed","title":"should return multiple SCs with single lines"},{"failureMessages":[],"status":"passed","title":"should return multiple SCs with multiple lines"},{"failureMessages":[],"status":"passed","title":"should include whitespace after a component"}],"endTime":1534357152496,"message":"","name":"/Users/ryan.schwers/src/reddit/r/styled-components/src/utils/test/extractCompsFromCSS.test.js","startTime":1534357152402,"status":"passed","summary":""},{"assertionResults":[{"failureMessages":[],"status":"passed","title":"should mark styles without any functions as static"},{"failureMessages":[],"status":"passed","title":"should mark styles with a nested styled component as static"},{"failureMessages":[],"status":"passed","title":"should mark styles with a dynamic style as not static"},{"failureMessages":[],"status":"passed","title":"should mark components with numeric attriutes as static"},{"failureMessages":[],"status":"passed","title":"should mark components with dynamic attributes as not static"}],"endTime":1534357152525,"message":"","name":"/Users/ryan.schwers/src/reddit/r/styled-components/src/test/staticCaching.test.js","startTime":1534357152403,"status":"passed","summary":""},{"assertionResults":[{"failureMessages":[],"status":"passed","title":"should be auto-generated if none passed"},{"failureMessages":[],"status":"passed","title":"should be attached if supplied"},{"failureMessages":[],"status":"passed","title":"should be generated as \"sc\" + hash"},{"failureMessages":[],"status":"passed","title":"should be generated from displayName + hash"},{"failureMessages":[],"status":"passed","title":"should be attached if passed in"},{"failureMessages":[],"status":"passed","title":"should be combined with displayName if both passed in"},{"failureMessages":[],"status":"passed","title":"should work with `.extend`"},{"failureMessages":[],"status":"passed","title":"should work with `.withComponent`"},{"failureMessages":[],"status":"passed","title":"should merge the options strings"},{"failureMessages":[],"status":"passed","title":"should keep the last value passed in when merging"}],"endTime":1534357152530,"message":"","name":"/Users/ryan.schwers/src/reddit/r/styled-components/src/test/expanded-api.test.js","startTime":1534357152324,"status":"passed","summary":""},{"assertionResults":[{"failureMessages":[],"status":"passed","title":"doesnt merge strings"},{"failureMessages":[],"status":"passed","title":"drops nulls"},{"failureMessages":[],"status":"passed","title":"doesnt drop any numbers"},{"failureMessages":[],"status":"passed","title":"toStrings everything"},{"failureMessages":[],"status":"passed","title":"hypenates objects"},{"failureMessages":[],"status":"passed","title":"handles nested objects"},{"failureMessages":[],"status":"passed","title":"toStrings class instances"},{"failureMessages":[],"status":"passed","title":"flattens subarrays"},{"failureMessages":[],"status":"passed","title":"defers functions"},{"failureMessages":[],"status":"passed","title":"executes functions"},{"failureMessages":[],"status":"passed","title":"passes values to function"},{"failureMessages":[],"status":"passed","title":"recursively calls functions"}],"endTime":1534357152533,"message":"","name":"/Users/ryan.schwers/src/reddit/r/styled-components/src/utils/test/flatten.test.js","startTime":1534357152399,"status":"passed","summary":""},{"assertionResults":[{"failureMessages":[],"status":"passed","title":"doesnt merge strings"},{"failureMessages":[],"status":"passed","title":"drops nulls"},{"failureMessages":[],"status":"passed","title":"doesnt drop any numbers"},{"failureMessages":[],"status":"passed","title":"toStrings everything"},{"failureMessages":[],"status":"passed","title":"hypenates objects"},{"failureMessages":[],"status":"passed","title":"flattens nested rulesets"},{"failureMessages":[],"status":"passed","title":"flattens double nested rulesets"},{"failureMessages":[],"status":"passed","title":"flattens subarrays"},{"failureMessages":[],"status":"passed","title":"defers functions"},{"failureMessages":[],"status":"passed","title":"merges strings"},{"failureMessages":[],"status":"passed","title":"drops nulls"},{"failureMessages":[],"status":"passed","title":"doesnt drop any numbers"},{"failureMessages":[],"status":"passed","title":"toStrings everything"},{"failureMessages":[],"status":"passed","title":"hypenates objects"},{"failureMessages":[],"status":"passed","title":"flattens nested rulesets"},{"failureMessages":[],"status":"passed","title":"flattens double nested rulesets"},{"failureMessages":[],"status":"passed","title":"flattens subarrays"},{"failureMessages":[],"status":"passed","title":"executes functions"},{"failureMessages":[],"status":"passed","title":"resolves rulesets after executing functions"},{"failureMessages":[],"status":"passed","title":"resolves double nested rulesets after executing functions"}],"endTime":1534357152536,"message":"","name":"/Users/ryan.schwers/src/reddit/r/styled-components/src/no-parser/test/flatten.test.js","startTime":1534357152404,"status":"passed","summary":""},{"assertionResults":[{"failureMessages":[],"status":"passed","title":"should inject rules into the head"},{"failureMessages":[],"status":"passed","title":"should non-destructively inject styles when called repeatedly"},{"failureMessages":[],"status":"passed","title":"should non-destructively inject styles when called after a component"}],"endTime":1534357152682,"message":"","name":"/Users/ryan.schwers/src/reddit/r/styled-components/src/constructors/test/injectGlobal.test.js","startTime":1534357152541,"status":"passed","summary":""},{"assertionResults":[{"failureMessages":[],"status":"passed","title":"should return its name"},{"failureMessages":[],"status":"passed","title":"should insert the correct styles"}],"endTime":1534357152797,"message":"","name":"/Users/ryan.schwers/src/reddit/r/styled-components/src/constructors/test/keyframes.test.js","startTime":1534357152702,"status":"passed","summary":""},{"assertionResults":[{"failureMessages":[],"status":"passed","title":"should add vendor prefixes in the right order"},{"failureMessages":[],"status":"passed","title":"should add vendor prefixes for display"},{"failureMessages":[],"status":"passed","title":"should pass through custom properties"}],"endTime":1534357152803,"message":"","name":"/Users/ryan.schwers/src/reddit/r/styled-components/src/test/css.test.js","startTime":1534357152713,"status":"passed","summary":""},{"assertionResults":[{"failureMessages":[],"status":"passed","title":"should throw a meaningful error when called with null"},{"failureMessages":[],"status":"passed","title":"should correctly assemble preprocessed CSS"},{"failureMessages":[],"status":"passed","title":"should correctly execute passed functions and assemble preprocessed CSS"}],"endTime":1534357152874,"message":"","name":"/Users/ryan.schwers/src/reddit/r/styled-components/src/no-parser/test/basic.test.js","startTime":1534357152719,"status":"passed","summary":""},{"assertionResults":[{"failureMessages":[],"status":"passed","title":"should correctly assemble preprocessed CSS"}],"endTime":1534357152875,"message":"","name":"/Users/ryan.schwers/src/reddit/r/styled-components/src/no-parser/test/keyframes.test.js","startTime":1534357152768,"status":"passed","summary":""},{"assertionResults":[{"failureMessages":["Error: \u001b[2mexpect(\u001b[22m\u001b[31mreceived\u001b[39m\u001b[2m).toEqual(\u001b[22m\u001b[32mexpected\u001b[39m\u001b[2m)\u001b[22m\n\nExpected value to equal:\n  \u001b[32m1\u001b[39m\nReceived:\n  \u001b[31m0\u001b[39m\n    at Object.<anonymous> (/Users/ryan.schwers/src/reddit/r/styled-components/src/test/warnTooManyClasses.test.js:33:27)\n    at Object.asyncFn (/Users/ryan.schwers/src/reddit/r/styled-components/node_modules/jest-jasmine2/build/jasmine-async.js:68:30)\n    at resolve (/Users/ryan.schwers/src/reddit/r/styled-components/node_modules/jest-jasmine2/build/queueRunner.js:38:12)\n    at Promise (<anonymous>)\n    at mapper (/Users/ryan.schwers/src/reddit/r/styled-components/node_modules/jest-jasmine2/build/queueRunner.js:31:21)\n    at Promise.resolve.then.el (/Users/ryan.schwers/src/reddit/r/styled-components/node_modules/p-map/index.js:42:16)\n    at <anonymous>\n    at process._tickCallback (internal/process/next_tick.js:188:7)"],"status":"failed","title":"should warn once"},{"failureMessages":["Error: \u001b[2mexpect(\u001b[22m\u001b[31mreceived\u001b[39m\u001b[2m).toEqual(\u001b[22m\u001b[32mexpected\u001b[39m\u001b[2m)\u001b[22m\n\nExpected value to equal:\n  \u001b[32m1\u001b[39m\nReceived:\n  \u001b[31m0\u001b[39m\n    at Object.<anonymous> (/Users/ryan.schwers/src/reddit/r/styled-components/src/test/warnTooManyClasses.test.js:43:27)\n    at Object.asyncFn (/Users/ryan.schwers/src/reddit/r/styled-components/node_modules/jest-jasmine2/build/jasmine-async.js:68:30)\n    at resolve (/Users/ryan.schwers/src/reddit/r/styled-components/node_modules/jest-jasmine2/build/queueRunner.js:38:12)\n    at Promise (<anonymous>)\n    at mapper (/Users/ryan.schwers/src/reddit/r/styled-components/node_modules/jest-jasmine2/build/queueRunner.js:31:21)\n    at Promise.resolve.then.el (/Users/ryan.schwers/src/reddit/r/styled-components/node_modules/p-map/index.js:42:16)\n    at <anonymous>\n    at process._tickCallback (internal/process/next_tick.js:188:7)"],"status":"failed","title":"should warn if number of classes is 200"},{"failureMessages":[],"status":"passed","title":"should not warn if number of classes is below 200"}],"endTime":1534357152995,"message":"\u001b[1m\u001b[31m  \u001b[1m● \u001b[1mwarn too many classes › should warn once\u001b[39m\u001b[22m\n\n    \u001b[2mexpect(\u001b[22m\u001b[31mreceived\u001b[39m\u001b[2m).toEqual(\u001b[22m\u001b[32mexpected\u001b[39m\u001b[2m)\u001b[22m\n    \n    Expected value to equal:\n      \u001b[32m1\u001b[39m\n    Received:\n      \u001b[31m0\u001b[39m\n\u001b[2m      \n      \u001b[2mat Object.<anonymous> (\u001b[2m\u001b[0m\u001b[36msrc/test/warnTooManyClasses.test.js\u001b[39m\u001b[0m\u001b[2m:33:27)\u001b[2m\n          at Promise (<anonymous>)\n      \u001b[2mat Promise.resolve.then.el (\u001b[2m\u001b[0m\u001b[36mnode_modules/p-map/index.js\u001b[39m\u001b[0m\u001b[2m:42:16)\u001b[2m\n          at <anonymous>\n      \u001b[2mat process._tickCallback (\u001b[2m\u001b[0m\u001b[36minternal/process/next_tick.js\u001b[39m\u001b[0m\u001b[2m:188:7)\u001b[2m\u001b[22m\n\n\u001b[1m\u001b[31m  \u001b[1m● \u001b[1mwarn too many classes › should warn if number of classes is 200\u001b[39m\u001b[22m\n\n    \u001b[2mexpect(\u001b[22m\u001b[31mreceived\u001b[39m\u001b[2m).toEqual(\u001b[22m\u001b[32mexpected\u001b[39m\u001b[2m)\u001b[22m\n    \n    Expected value to equal:\n      \u001b[32m1\u001b[39m\n    Received:\n      \u001b[31m0\u001b[39m\n\u001b[2m      \n      \u001b[2mat Object.<anonymous> (\u001b[2m\u001b[0m\u001b[36msrc/test/warnTooManyClasses.test.js\u001b[39m\u001b[0m\u001b[2m:43:27)\u001b[2m\n          at Promise (<anonymous>)\n      \u001b[2mat Promise.resolve.then.el (\u001b[2m\u001b[0m\u001b[36mnode_modules/p-map/index.js\u001b[39m\u001b[0m\u001b[2m:42:16)\u001b[2m\n          at <anonymous>\n      \u001b[2mat process._tickCallback (\u001b[2m\u001b[0m\u001b[36minternal/process/next_tick.js\u001b[39m\u001b[0m\u001b[2m:188:7)\u001b[2m\u001b[22m\n","name":"/Users/ryan.schwers/src/reddit/r/styled-components/src/test/warnTooManyClasses.test.js","startTime":1534357152669,"status":"failed","summary":""},{"assertionResults":[{"failureMessages":[],"status":"passed","title":"should execute interpolations and fall back"},{"failureMessages":[],"status":"passed","title":"should execute interpolations and inject props"},{"failureMessages":[],"status":"passed","title":"should ignore non-0 falsy object interpolations"}],"endTime":1534357153030,"message":"","name":"/Users/ryan.schwers/src/reddit/r/styled-components/src/test/props.test.js","startTime":1534357152921,"status":"passed","summary":""},{"assertionResults":[{"failureMessages":[],"status":"passed","title":"should find all inline style blocks and move them into the document head"}],"endTime":1534357153085,"message":"","name":"/Users/ryan.schwers/src/reddit/r/styled-components/src/utils/test/consolidateStreamedStyles.test.js","startTime":1534357152976,"status":"passed","summary":""},{"assertionResults":[{"failureMessages":[],"status":"passed","title":"should let you use another component in a css rule"}],"endTime":1534357153089,"message":"","name":"/Users/ryan.schwers/src/reddit/r/styled-components/src/test/overriding.test.js","startTime":1534357152989,"status":"passed","summary":""},{"assertionResults":[{"failureMessages":[],"status":"passed","title":"defaults to reusing the component displayName"},{"failureMessages":[],"status":"passed","title":"falls back to the class name"},{"failureMessages":[],"status":"passed","title":"ultimately falls back to \"Component\""}],"endTime":1534357153153,"message":"","name":"/Users/ryan.schwers/src/reddit/r/styled-components/src/utils/test/getComponentName.test.js","startTime":1534357153065,"status":"passed","summary":""},{"assertionResults":[{"failureMessages":[],"status":"passed","title":"blindly interleave"},{"failureMessages":[],"status":"passed","title":"should be driven off the number of interpolations"}],"endTime":1534357153254,"message":"","name":"/Users/ryan.schwers/src/reddit/r/styled-components/src/utils/test/interleave.test.js","startTime":1534357153180,"status":"passed","summary":""},{"assertionResults":[{"failureMessages":[],"status":"passed","title":"replaces characters that could be part of CSS selectors"},{"failureMessages":[],"status":"passed","title":"replaces double hyphens with a single hyphen"},{"failureMessages":[],"status":"passed","title":"removes extraneous hyphens at the ends of the string"}],"endTime":1534357153295,"message":"","name":"/Users/ryan.schwers/src/reddit/r/styled-components/src/utils/test/escape.test.js","startTime":1534357153232,"status":"passed","summary":""},{"assertionResults":[{"failureMessages":[],"status":"passed","title":"should take precedence over ThemeProvider"},{"failureMessages":[],"status":"passed","title":"should fallback to default theme"}],"endTime":1534357153323,"message":"","name":"/Users/ryan.schwers/src/reddit/r/styled-components/src/utils/test/determineTheme.test.js","startTime":1534357153284,"status":"passed","summary":""},{"assertionResults":[{"failureMessages":[],"status":"passed","title":"should create alphabetic names for number input data"}],"endTime":1534357153394,"message":"","name":"/Users/ryan.schwers/src/reddit/r/styled-components/src/utils/test/generateAlphabeticName.test.js","startTime":1534357153356,"status":"passed","summary":""},{"assertionResults":[{"failureMessages":[],"status":"passed","title":"should have all valid HTML5 elements defined as properties"}],"endTime":1534357153442,"message":"","name":"/Users/ryan.schwers/src/reddit/r/styled-components/src/constructors/test/styled.test.js","startTime":1534357153358,"status":"passed","summary":""},{"assertionResults":[{"failureMessages":[],"status":"passed","title":"should not throw an error when no children are passed"},{"failureMessages":[],"status":"passed","title":"should accept a theme prop that's a plain object"},{"failureMessages":[],"status":"passed","title":"should render its child"},{"failureMessages":["Error: Timeout - Async callback was not invoked within timeout specified by jasmine.DEFAULT_TIMEOUT_INTERVAL.\n    at pTimeout (/Users/ryan.schwers/src/reddit/r/styled-components/node_modules/jest-jasmine2/build/queueRunner.js:53:21)\n    at setTimeout (/Users/ryan.schwers/src/reddit/r/styled-components/node_modules/jest-jasmine2/build/p-timeout.js:21:44)\n    at Timeout.callback [as _onTimeout] (/Users/ryan.schwers/src/reddit/r/styled-components/node_modules/jsdom/lib/jsdom/browser/Window.js:523:19)\n    at ontimeout (timers.js:469:11)\n    at tryOnTimeout (timers.js:304:5)\n    at Timer.listOnTimeout (timers.js:264:5)"],"status":"failed","title":"should merge its theme with an outer theme"},{"failureMessages":["Error: Timeout - Async callback was not invoked within timeout specified by jasmine.DEFAULT_TIMEOUT_INTERVAL.\n    at pTimeout (/Users/ryan.schwers/src/reddit/r/styled-components/node_modules/jest-jasmine2/build/queueRunner.js:53:21)\n    at setTimeout (/Users/ryan.schwers/src/reddit/r/styled-components/node_modules/jest-jasmine2/build/p-timeout.js:21:44)\n    at Timeout.callback [as _onTimeout] (/Users/ryan.schwers/src/reddit/r/styled-components/node_modules/jsdom/lib/jsdom/browser/Window.js:523:19)\n    at ontimeout (timers.js:469:11)\n    at tryOnTimeout (timers.js:304:5)\n    at Timer.listOnTimeout (timers.js:264:5)"],"status":"failed","title":"should merge its theme with multiple outer themes"},{"failureMessages":["Error: Timeout - Async callback was not invoked within timeout specified by jasmine.DEFAULT_TIMEOUT_INTERVAL.\n    at pTimeout (/Users/ryan.schwers/src/reddit/r/styled-components/node_modules/jest-jasmine2/build/queueRunner.js:53:21)\n    at setTimeout (/Users/ryan.schwers/src/reddit/r/styled-components/node_modules/jest-jasmine2/build/p-timeout.js:21:44)\n    at Timeout.callback [as _onTimeout] (/Users/ryan.schwers/src/reddit/r/styled-components/node_modules/jsdom/lib/jsdom/browser/Window.js:523:19)\n    at ontimeout (timers.js:469:11)\n    at tryOnTimeout (timers.js:304:5)\n    at Timer.listOnTimeout (timers.js:264:5)"],"status":"failed","title":"should be able to render two independent themes"},{"failureMessages":["Error: \u001b[2mexpect(\u001b[22m\u001b[31mreceived\u001b[39m\u001b[2m).toEqual(\u001b[22m\u001b[32mexpected\u001b[39m\u001b[2m)\u001b[22m\n\nExpected value to equal:\n  \u001b[32m{\"augmented\": true, \"themed\": true, \"updated\": true}\u001b[39m\nReceived:\n  \u001b[31mundefined\u001b[39m\n\nDifference:\n\n  Comparing two different types of values. Expected \u001b[32mobject\u001b[39m but received \u001b[31mundefined\u001b[39m.\n    at Object.<anonymous> (/Users/ryan.schwers/src/reddit/r/styled-components/src/models/test/ThemeProvider.test.js:151:20)\n    at Object.asyncFn (/Users/ryan.schwers/src/reddit/r/styled-components/node_modules/jest-jasmine2/build/jasmine-async.js:68:30)\n    at resolve (/Users/ryan.schwers/src/reddit/r/styled-components/node_modules/jest-jasmine2/build/queueRunner.js:38:12)\n    at Promise (<anonymous>)\n    at mapper (/Users/ryan.schwers/src/reddit/r/styled-components/node_modules/jest-jasmine2/build/queueRunner.js:31:21)\n    at Promise.resolve.then.el (/Users/ryan.schwers/src/reddit/r/styled-components/node_modules/p-map/index.js:42:16)\n    at <anonymous>"],"status":"failed","title":"ThemeProvider propagates theme updates through nested ThemeProviders"}],"endTime":1534357168334,"message":"\u001b[1m\u001b[31m  \u001b[1m● \u001b[1mThemeProvider › should merge its theme with an outer theme\u001b[39m\u001b[22m\n\n    Timeout - Async callback was not invoked within timeout specified by jasmine.DEFAULT_TIMEOUT_INTERVAL.\n\u001b[2m      \n      \u001b[2mat pTimeout (\u001b[2m\u001b[0m\u001b[36mnode_modules/jest-jasmine2/build/queueRunner.js\u001b[39m\u001b[0m\u001b[2m:53:21)\u001b[2m\n      \u001b[2mat Timeout.callback [as _onTimeout] (\u001b[2m\u001b[0m\u001b[36mnode_modules/jsdom/lib/jsdom/browser/Window.js\u001b[39m\u001b[0m\u001b[2m:523:19)\u001b[2m\n      \u001b[2mat ontimeout (\u001b[2m\u001b[0m\u001b[36mtimers.js\u001b[39m\u001b[0m\u001b[2m:469:11)\u001b[2m\n      \u001b[2mat tryOnTimeout (\u001b[2m\u001b[0m\u001b[36mtimers.js\u001b[39m\u001b[0m\u001b[2m:304:5)\u001b[2m\n      \u001b[2mat Timer.listOnTimeout (\u001b[2m\u001b[0m\u001b[36mtimers.js\u001b[39m\u001b[0m\u001b[2m:264:5)\u001b[2m\u001b[22m\n\n\u001b[1m\u001b[31m  \u001b[1m● \u001b[1mThemeProvider › should merge its theme with multiple outer themes\u001b[39m\u001b[22m\n\n    Timeout - Async callback was not invoked within timeout specified by jasmine.DEFAULT_TIMEOUT_INTERVAL.\n\u001b[2m      \n      \u001b[2mat pTimeout (\u001b[2m\u001b[0m\u001b[36mnode_modules/jest-jasmine2/build/queueRunner.js\u001b[39m\u001b[0m\u001b[2m:53:21)\u001b[2m\n      \u001b[2mat Timeout.callback [as _onTimeout] (\u001b[2m\u001b[0m\u001b[36mnode_modules/jsdom/lib/jsdom/browser/Window.js\u001b[39m\u001b[0m\u001b[2m:523:19)\u001b[2m\n      \u001b[2mat ontimeout (\u001b[2m\u001b[0m\u001b[36mtimers.js\u001b[39m\u001b[0m\u001b[2m:469:11)\u001b[2m\n      \u001b[2mat tryOnTimeout (\u001b[2m\u001b[0m\u001b[36mtimers.js\u001b[39m\u001b[0m\u001b[2m:304:5)\u001b[2m\n      \u001b[2mat Timer.listOnTimeout (\u001b[2m\u001b[0m\u001b[36mtimers.js\u001b[39m\u001b[0m\u001b[2m:264:5)\u001b[2m\u001b[22m\n\n\u001b[1m\u001b[31m  \u001b[1m● \u001b[1mThemeProvider › should be able to render two independent themes\u001b[39m\u001b[22m\n\n    Timeout - Async callback was not invoked within timeout specified by jasmine.DEFAULT_TIMEOUT_INTERVAL.\n\u001b[2m      \n      \u001b[2mat pTimeout (\u001b[2m\u001b[0m\u001b[36mnode_modules/jest-jasmine2/build/queueRunner.js\u001b[39m\u001b[0m\u001b[2m:53:21)\u001b[2m\n      \u001b[2mat Timeout.callback [as _onTimeout] (\u001b[2m\u001b[0m\u001b[36mnode_modules/jsdom/lib/jsdom/browser/Window.js\u001b[39m\u001b[0m\u001b[2m:523:19)\u001b[2m\n      \u001b[2mat ontimeout (\u001b[2m\u001b[0m\u001b[36mtimers.js\u001b[39m\u001b[0m\u001b[2m:469:11)\u001b[2m\n      \u001b[2mat tryOnTimeout (\u001b[2m\u001b[0m\u001b[36mtimers.js\u001b[39m\u001b[0m\u001b[2m:304:5)\u001b[2m\n      \u001b[2mat Timer.listOnTimeout (\u001b[2m\u001b[0m\u001b[36mtimers.js\u001b[39m\u001b[0m\u001b[2m:264:5)\u001b[2m\u001b[22m\n\n\u001b[1m\u001b[31m  \u001b[1m● \u001b[1mThemeProvider › ThemeProvider propagates theme updates through nested ThemeProviders\u001b[39m\u001b[22m\n\n    \u001b[2mexpect(\u001b[22m\u001b[31mreceived\u001b[39m\u001b[2m).toEqual(\u001b[22m\u001b[32mexpected\u001b[39m\u001b[2m)\u001b[22m\n    \n    Expected value to equal:\n      \u001b[32m{\"augmented\": true, \"themed\": true, \"updated\": true}\u001b[39m\n    Received:\n      \u001b[31mundefined\u001b[39m\n    \n    Difference:\n    \n      Comparing two different types of values. Expected \u001b[32mobject\u001b[39m but received \u001b[31mundefined\u001b[39m.\n\u001b[2m      \n      \u001b[2mat Object.<anonymous> (\u001b[2m\u001b[0m\u001b[36msrc/models/test/ThemeProvider.test.js\u001b[39m\u001b[0m\u001b[2m:151:20)\u001b[2m\n          at Promise (<anonymous>)\n      \u001b[2mat Promise.resolve.then.el (\u001b[2m\u001b[0m\u001b[36mnode_modules/p-map/index.js\u001b[39m\u001b[0m\u001b[2m:42:16)\u001b[2m\n          at <anonymous>\u001b[22m\n","name":"/Users/ryan.schwers/src/reddit/r/styled-components/src/models/test/ThemeProvider.test.js","startTime":1534357153057,"status":"failed","summary":""}],"wasInterrupted":false}